2024-06-21T13:37:06+00:00 INFO Array
(
    [Webhook Delivery] => Array
        (
            [Delivery ID] => 9c343479f1311f5811eaf3bd2ab4eec2
            [Date] => 21 Jun, 2024 @ 13:37
            [URL] => https://api.botsip.com/orders/wp-new-order/65eb7599e82c4a57c564da8c
            [Duration] => 1.9971
            [Request] => Array
                (
                    [Method] => POST
                    [Headers] => Array
                        (
                            [User-Agent] => WooCommerce/8.4.0 Hookshot (WordPress/6.5.4)
                            [Content-Type] => application/json
                            [X-WC-Webhook-Source] => https://importadorasubateria.com/
                            [X-WC-Webhook-Topic] => order.created
                            [X-WC-Webhook-Resource] => order
                            [X-WC-Webhook-Event] => created
                            [X-WC-Webhook-Signature] => s6Fi2B+s2/1+cpPU/+BtI0qfqhpnu9WaubZGxNjOWTM=
                            [X-WC-Webhook-ID] => 3
                            [X-WC-Webhook-Delivery-ID] => 9c343479f1311f5811eaf3bd2ab4eec2
                        )

                )

            [Body] => Webhook body is not logged unless WP_DEBUG mode is turned on. This is to avoid the storing of personal data in the logs.
            [Response] => Array
                (
                    [Code] => 502
                    [Message] => Bad Gateway
                    [Headers] => WpOrg\Requests\Utility\CaseInsensitiveDictionary Object
                        (
                            [data:protected] => Array
                                (
                                    [server] => nginx
                                    [date] => Fri, 21 Jun 2024 13:37:06 GMT
                                    [content-type] => application/json; charset=utf-8
                                    [content-length] => 73
                                    [x-powered-by] => Express
                                    [access-control-allow-origin] => *
                                    [etag] => W/"49-bryB7tBPVSf9K0MlwuTaxuX3Zec"
                                )

                        )

                    [Body] => Webhook body is not logged unless WP_DEBUG mode is turned on. This is to avoid the storing of personal data in the logs.
                )

        )

)

